00:15 19-05-2026

# Get in right directory

# Get up to date
Already up to date.

# Run main file
✅ Agenda succesvol opgeschoond
Done


00:30 19-05-2026

# Get in right directory

# Get up to date
Already up to date.

# Run main file
✅ Agenda succesvol opgeschoond
Done


01:00 19-05-2026

# Get in right directory

# Get up to date
Already up to date.

# Run main file
✅ Agenda succesvol opgeschoond
Done


01:30 19-05-2026

# Get in right directory

# Get up to date
Already up to date.

# Run main file
✅ Agenda succesvol opgeschoond
Done


02:00 19-05-2026

# Get in right directory

# Get up to date
Already up to date.

# Run main file
✅ Agenda succesvol opgeschoond
Done


02:30 19-05-2026

# Get in right directory

# Get up to date
Already up to date.

# Run main file
✅ Agenda succesvol opgeschoond
Done


03:00 19-05-2026

# Get in right directory

# Get up to date
Already up to date.

# Run main file
✅ Agenda succesvol opgeschoond
Done


03:30 19-05-2026

# Get in right directory

# Get up to date
Already up to date.

# Run main file
✅ Agenda succesvol opgeschoond
Done


04:00 19-05-2026

# Get in right directory

# Get up to date
Already up to date.

# Run main file
✅ Agenda succesvol opgeschoond
Done


04:30 19-05-2026

# Get in right directory

# Get up to date
Already up to date.

# Run main file
✅ Agenda succesvol opgeschoond
Done


05:00 19-05-2026

# Get in right directory

# Get up to date
Already up to date.

# Run main file
✅ Agenda succesvol opgeschoond
Done


05:30 19-05-2026

# Get in right directory

# Get up to date
Already up to date.

# Run main file
✅ Agenda succesvol opgeschoond
Done


06:00 19-05-2026

# Get in right directory

# Get up to date
Already up to date.

# Run main file
✅ Agenda succesvol opgeschoond
Done


06:30 19-05-2026

# Get in right directory

# Get up to date
Already up to date.

# Run main file
✅ Agenda succesvol opgeschoond
Done


07:00 19-05-2026

# Get in right directory

# Get up to date
Already up to date.

# Run main file
✅ Agenda succesvol opgeschoond
Done


07:30 19-05-2026

# Get in right directory

# Get up to date
Already up to date.

# Run main file
✅ Agenda succesvol opgeschoond
Done


08:00 19-05-2026

# Get in right directory

# Get up to date
Already up to date.

# Run main file
✅ Agenda succesvol opgeschoond
Done


08:30 19-05-2026

# Get in right directory

# Get up to date
Already up to date.

# Run main file
✅ Agenda succesvol opgeschoond
Done


09:00 19-05-2026

# Get in right directory

# Get up to date
Already up to date.

# Run main file
✅ Agenda succesvol opgeschoond
Done


09:30 19-05-2026

# Get in right directory

# Get up to date
Already up to date.

# Run main file
✅ Agenda succesvol opgeschoond
Done


10:00 19-05-2026

# Get in right directory

# Get up to date
Already up to date.

# Run main file
✅ Agenda succesvol opgeschoond
Done


10:30 19-05-2026

# Get in right directory

# Get up to date
Already up to date.

# Run main file
✅ Agenda succesvol opgeschoond
Done


11:00 19-05-2026

# Get in right directory

# Get up to date
Already up to date.

# Run main file
✅ Agenda succesvol opgeschoond
Done


11:30 19-05-2026

# Get in right directory

# Get up to date
Already up to date.

# Run main file
✅ Agenda succesvol opgeschoond
Done


12:00 19-05-2026

# Get in right directory

# Get up to date
Already up to date.

# Run main file
✅ Agenda succesvol opgeschoond
Done


12:30 19-05-2026

# Get in right directory

# Get up to date
Already up to date.

# Run main file
✅ Agenda succesvol opgeschoond
Done


13:00 19-05-2026

# Get in right directory

# Get up to date
Already up to date.

# Run main file
✅ Agenda succesvol opgeschoond
Done


13:30 19-05-2026

# Get in right directory

# Get up to date
Already up to date.

# Run main file
✅ Agenda succesvol opgeschoond
Done


14:00 19-05-2026

# Get in right directory

# Get up to date
Already up to date.

# Run main file
✅ Agenda succesvol opgeschoond
Done


14:30 19-05-2026

# Get in right directory

# Get up to date
Already up to date.

# Run main file
✅ Agenda succesvol opgeschoond
Done


15:00 19-05-2026

# Get in right directory

# Get up to date
Already up to date.

# Run main file
✅ Agenda succesvol opgeschoond
Done


15:30 19-05-2026

# Get in right directory

# Get up to date
Already up to date.

# Run main file
✅ Agenda succesvol opgeschoond
Done


16:00 19-05-2026

# Get in right directory

# Get up to date
Already up to date.

# Run main file
✅ Agenda succesvol opgeschoond
Done


16:30 19-05-2026

# Get in right directory

# Get up to date
Already up to date.

# Run main file
✅ Agenda succesvol opgeschoond
Done


17:00 19-05-2026

# Get in right directory

# Get up to date
Already up to date.

# Run main file
✅ Agenda succesvol opgeschoond
Done


17:30 19-05-2026

# Get in right directory

# Get up to date
Already up to date.

# Run main file
✅ Agenda succesvol opgeschoond
Done


18:00 19-05-2026

# Get in right directory

# Get up to date
Already up to date.

# Run main file
✅ Agenda succesvol opgeschoond
Done


18:30 19-05-2026

# Get in right directory

# Get up to date
Already up to date.

# Run main file
✅ Agenda succesvol opgeschoond
Done


19:00 19-05-2026

# Get in right directory

# Get up to date
Already up to date.

# Run main file
✅ Agenda succesvol opgeschoond
Done


19:30 19-05-2026

# Get in right directory

# Get up to date
Already up to date.

# Run main file
✅ Agenda succesvol opgeschoond
Done


20:00 19-05-2026

# Get in right directory

# Get up to date
Already up to date.

# Run main file
✅ Agenda succesvol opgeschoond
Done


20:30 19-05-2026

# Get in right directory

# Get up to date
Already up to date.

# Run main file
✅ Agenda succesvol opgeschoond
Done


21:00 19-05-2026

# Get in right directory

# Get up to date
Already up to date.

# Run main file
✅ Agenda succesvol opgeschoond
Done


21:30 19-05-2026

# Get in right directory

# Get up to date
Already up to date.

# Run main file
✅ Agenda succesvol opgeschoond
Done


22:00 19-05-2026

# Get in right directory

# Get up to date
Already up to date.

# Run main file
✅ Agenda succesvol opgeschoond
Done


22:30 19-05-2026

# Get in right directory

# Get up to date
Already up to date.

# Run main file
✅ Agenda succesvol opgeschoond
Done


23:00 19-05-2026

# Get in right directory

# Get up to date
Already up to date.

# Run main file
✅ Agenda succesvol opgeschoond
Done


23:30 19-05-2026

# Get in right directory

# Get up to date
Already up to date.

# Run main file
✅ Agenda succesvol opgeschoond
Done


00:00 20-05-2026

# Get in right directory

# Get up to date
Already up to date.

# Run main file
✅ Agenda succesvol opgeschoond
Done


00:30 20-05-2026

# Get in right directory

# Get up to date
Already up to date.

# Run main file
✅ Agenda succesvol opgeschoond
Done


01:00 20-05-2026

# Get in right directory

# Get up to date
Already up to date.

# Run main file
✅ Agenda succesvol opgeschoond
Done


01:30 20-05-2026

# Get in right directory

# Get up to date
Already up to date.

# Run main file
✅ Agenda succesvol opgeschoond
Done


02:00 20-05-2026

# Get in right directory

# Get up to date
Already up to date.

# Run main file
✅ Agenda succesvol opgeschoond
Done


02:30 20-05-2026

# Get in right directory

# Get up to date
Already up to date.

# Run main file
✅ Agenda succesvol opgeschoond
Done


03:00 20-05-2026

# Get in right directory

# Get up to date
Already up to date.

# Run main file
✅ Agenda succesvol opgeschoond
Done


03:30 20-05-2026

# Get in right directory

# Get up to date
Already up to date.

# Run main file
✅ Agenda succesvol opgeschoond
Done


04:00 20-05-2026

# Get in right directory

# Get up to date
Already up to date.

# Run main file
✅ Agenda succesvol opgeschoond
Done


04:30 20-05-2026

# Get in right directory

# Get up to date
Already up to date.

# Run main file
✅ Agenda succesvol opgeschoond
Done


05:00 20-05-2026

# Get in right directory

# Get up to date
Already up to date.

# Run main file
✅ Agenda succesvol opgeschoond
Done


05:30 20-05-2026

# Get in right directory

# Get up to date
Already up to date.

# Run main file
✅ Agenda succesvol opgeschoond
Done


06:00 20-05-2026

# Get in right directory

# Get up to date
Already up to date.

# Run main file
✅ Agenda succesvol opgeschoond
Done


06:30 20-05-2026

# Get in right directory

# Get up to date
Already up to date.

# Run main file
✅ Agenda succesvol opgeschoond
Done


07:00 20-05-2026

# Get in right directory

# Get up to date
Already up to date.

# Run main file
✅ Agenda succesvol opgeschoond
Done


07:30 20-05-2026

# Get in right directory

# Get up to date
Already up to date.

# Run main file
✅ Agenda succesvol opgeschoond
Done


08:00 20-05-2026

# Get in right directory

# Get up to date
Already up to date.

# Run main file
✅ Agenda succesvol opgeschoond
Done


08:30 20-05-2026

# Get in right directory

# Get up to date
Already up to date.

# Run main file
✅ Agenda succesvol opgeschoond
Done


09:00 20-05-2026

# Get in right directory

# Get up to date
Already up to date.

# Run main file
✅ Agenda succesvol opgeschoond
Done


09:30 20-05-2026

# Get in right directory

# Get up to date
Already up to date.

# Run main file
✅ Agenda succesvol opgeschoond
Done


10:00 20-05-2026

# Get in right directory

# Get up to date
Already up to date.

# Run main file
✅ Agenda succesvol opgeschoond
Done


10:30 20-05-2026

# Get in right directory

# Get up to date
Already up to date.

# Run main file
✅ Agenda succesvol opgeschoond
Done


11:39 21-05-2026

# Get in right directory

# Get up to date
11:39 21-05-2026

# Get in right directory

# Get up to date
11:39 21-05-2026

# Get in right directory

# Get up to date
11:39 21-05-2026

# Get in right directory

# Get up to date
11:39 21-05-2026

# Get in right directory

# Get up to date
11:39 21-05-2026

# Get in right directory

# Get up to date
11:39 21-05-2026

# Get in right directory

# Get up to date
11:39 21-05-2026

# Get in right directory

# Get up to date
Your configuration specifies to merge with the ref 'refs/heads/main'
from the remote, but no such ref was fetched.

# Run main file
Your configuration specifies to merge with the ref 'refs/heads/main'
from the remote, but no such ref was fetched.

# Run main file
Your configuration specifies to merge with the ref 'refs/heads/main'
from the remote, but no such ref was fetched.

# Run main file
Your configuration specifies to merge with the ref 'refs/heads/main'
from the remote, but no such ref was fetched.

# Run main file
Your configuration specifies to merge with the ref 'refs/heads/main'
from the remote, but no such ref was fetched.

# Run main file
Your configuration specifies to merge with the ref 'refs/heads/main'
from the remote, but no such ref was fetched.

# Run main file
Your configuration specifies to merge with the ref 'refs/heads/main'
from the remote, but no such ref was fetched.

# Run main file
Your configuration specifies to merge with the ref 'refs/heads/main'
from the remote, but no such ref was fetched.

# Run main file
Traceback (most recent call last):
  File "/home/laurens/Somtoday_Agendas/Madelief/main.py", line 23, in <module>
    with open(SOURCE_FILE, 'wb') as f:
         ~~~~^^^^^^^^^^^^^^^^^^^
OSError: [Errno 28] No space left on device
Done


Traceback (most recent call last):
  File "/home/laurens/Somtoday_Agendas/Madelief/main.py", line 23, in <module>
    with open(SOURCE_FILE, 'wb') as f:
         ~~~~^^^^^^^^^^^^^^^^^^^
OSError: [Errno 28] No space left on device
Traceback (most recent call last):
  File "/home/laurens/Somtoday_Agendas/Madelief/main.py", line 23, in <module>
    with open(SOURCE_FILE, 'wb') as f:
         ~~~~^^^^^^^^^^^^^^^^^^^
OSError: [Errno 28] No space left on device
Done


Done


Traceback (most recent call last):
  File "/home/laurens/Somtoday_Agendas/Madelief/main.py", line 23, in <module>
    with open(SOURCE_FILE, 'wb') as f:
         ~~~~^^^^^^^^^^^^^^^^^^^
OSError: [Errno 28] No space left on device
Done


Traceback (most recent call last):
  File "/home/laurens/Somtoday_Agendas/Madelief/main.py", line 23, in <module>
    with open(SOURCE_F18:59 22-05-2026

# Get in right directory

# Get up to date
Already up to date.

# Run main file
✅ Agenda succesvol opgeschoond
Done


19:00 22-05-2026

# Get in right directory

# Get up to date
Already up to date.

# Run main file
✅ Agenda succesvol opgeschoond
Done


19:30 22-05-2026

# Get in right directory

# Get up to date
Already up to date.

# Run main file
✅ Agenda succesvol opgeschoond
Done


20:00 22-05-2026

# Get in right directory

# Get up to date
Already up to date.

# Run main file
✅ Agenda succesvol opgeschoond
Done


20:30 22-05-2026

# Get in right directory

# Get up to date
Already up to date.

# Run main file
✅ Agenda succesvol opgeschoond
Done


21:00 22-05-2026

# Get in right directory

# Get up to date
Already up to date.

# Run main file
✅ Agenda succesvol opgeschoond
Done


